<?xml version="1.0" encoding="UTF-8"?>
<testng-results ignored="0" total="4" passed="4" failed="0" skipped="0">
  <reporter-output>
  </reporter-output>
  <suite started-at="2024-08-09T15:50:39 BST" name="Suite" finished-at="2024-08-09T15:50:55 BST" duration-ms="15515">
    <groups>
    </groups>
    <test started-at="2024-08-09T15:50:39 BST" name="Test" finished-at="2024-08-09T15:50:55 BST" duration-ms="15515">
      <class name="api.test.UserTests">
        <test-method is-config="true" signature="beforeSuite()[pri:0, instance:api.test.UserTests@791f145a]" started-at="2024-08-09T15:50:38 BST" name="beforeSuite" finished-at="2024-08-09T15:50:39 BST" duration-ms="786" status="PASS">
          <reporter-output>
          </reporter-output>
        </test-method> <!-- beforeSuite -->
        <test-method is-config="true" signature="setupData()[pri:0, instance:api.test.UserTests@791f145a]" started-at="2024-08-09T15:50:39 BST" name="setupData" finished-at="2024-08-09T15:50:41 BST" duration-ms="2150" status="PASS">
          <reporter-output>
          </reporter-output>
        </test-method> <!-- setupData -->
        <test-method signature="testPostUser()[pri:1, instance:api.test.UserTests@791f145a]" started-at="2024-08-09T15:50:41 BST" name="testPostUser" finished-at="2024-08-09T15:50:50 BST" duration-ms="8178" status="PASS">
          <reporter-output>
          </reporter-output>
        </test-method> <!-- testPostUser -->
        <test-method signature="testGetUserByName()[pri:2, instance:api.test.UserTests@791f145a]" started-at="2024-08-09T15:50:50 BST" name="testGetUserByName" finished-at="2024-08-09T15:50:50 BST" duration-ms="853" status="PASS">
          <reporter-output>
          </reporter-output>
        </test-method> <!-- testGetUserByName -->
        <test-method signature="testUpdateUserByName()[pri:3, instance:api.test.UserTests@791f145a]" started-at="2024-08-09T15:50:50 BST" name="testUpdateUserByName" finished-at="2024-08-09T15:50:54 BST" duration-ms="3576" status="PASS">
          <reporter-output>
          </reporter-output>
        </test-method> <!-- testUpdateUserByName -->
        <test-method signature="testDeleteUserByName()[pri:4, instance:api.test.UserTests@791f145a]" started-at="2024-08-09T15:50:54 BST" name="testDeleteUserByName" finished-at="2024-08-09T15:50:55 BST" duration-ms="631" status="PASS">
          <reporter-output>
          </reporter-output>
        </test-method> <!-- testDeleteUserByName -->
        <test-method is-config="true" signature="afterSuite()[pri:0, instance:api.test.UserTests@791f145a]" started-at="2024-08-09T15:50:56 BST" name="afterSuite" finished-at="2024-08-09T15:50:56 BST" duration-ms="180" status="PASS">
          <reporter-output>
          </reporter-output>
        </test-method> <!-- afterSuite -->
      </class> <!-- api.test.UserTests -->
    </test> <!-- Test -->
  </suite> <!-- Suite -->
</testng-results>
