<?xml version="1.0" encoding="UTF-8"?>
<!-- Generated by org.testng.reporters.JUnitXMLReporter -->
<testsuite ignored="0" hostname="DESKTOP-5KLHFHK" failures="0" tests="4" name="Default test" time="7.017" errors="0" timestamp="2024-08-09T14:37:25 BST">
  <testcase classname="api.test.UserTests" name="testPostUser" time="3.072"/>
  <testcase classname="api.test.UserTests" name="testGetUserByName" time="0.561"/>
  <testcase classname="api.test.UserTests" name="testUpdateUserByName" time="1.915"/>
  <testcase classname="api.test.UserTests" name="testDeleteUserByName" time="0.563"/>
</testsuite> <!-- Default test -->
