<?xml version="1.0" encoding="UTF-8"?>
<!-- Generated by org.testng.reporters.JUnitXMLReporter -->
<testsuite ignored="0" hostname="DESKTOP-5KLHFHK" failures="0" tests="4" name="Test" time="15.515" errors="0" timestamp="2024-08-09T15:50:55 BST">
  <testcase classname="api.test.UserTests" name="testPostUser" time="8.178"/>
  <testcase classname="api.test.UserTests" name="testGetUserByName" time="0.853"/>
  <testcase classname="api.test.UserTests" name="testUpdateUserByName" time="3.576"/>
  <testcase classname="api.test.UserTests" name="testDeleteUserByName" time="0.631"/>
</testsuite> <!-- Test -->
